<?xml version="1.0" encoding="UTF-8"?>
<!-- Generated by org.testng.reporters.JUnitXMLReporter -->
<testsuite ignored="0" hostname="agasthiya" failures="0" tests="3" name="Surefire test" time="15.69" errors="0" timestamp="2026-04-11T20:25:07 IST">
  <testcase classname="com.automation.runners.RunnerTest" name="runCucumber" time="0.003"/>
  <testcase classname="io.cucumber.testng.AbstractTestNGCucumberTests" name="runScenario" time="8.815"/>
  <testcase classname="com.automation.tests.LoginLogoutTest" name="testLoginAndLogout" time="1.502"/>
</testsuite> <!-- Surefire test -->
