<?xml version="1.0" encoding="UTF-8"?>
<!-- Generated by org.testng.reporters.JUnitXMLReporter -->
<testsuite ignored="0" hostname="agasthiya" failures="0" tests="3" name="Surefire test" time="20.611" errors="0" timestamp="2026-04-11T19:13:43 IST">
  <testcase classname="com.automation.runners.RunnerTest" name="runCucumber" time="0.006"/>
  <testcase classname="io.cucumber.testng.AbstractTestNGCucumberTests" name="runScenario" time="12.567"/>
  <testcase classname="com.automation.tests.LoginLogoutTest" name="testLoginAndLogout" time="3.585"/>
</testsuite> <!-- Surefire test -->
