<?xml version="1.0" encoding="UTF-8"?>
<testng-results ignored="0" total="3" passed="3" failed="0" skipped="0">
  <reporter-output>
  </reporter-output>
  <suite started-at="2026-04-11T19:13:22 IST" name="Surefire suite" finished-at="2026-04-11T19:13:43 IST" duration-ms="20611">
    <groups>
      <group name="cucumber">
        <method signature="AbstractTestNGCucumberTests.runScenario(io.cucumber.testng.PickleWrapper,io.cucumber.testng.FeatureWrapper)[pri:0, instance:com.automation.runners.RunnerTest@22a637e7]" name="runScenario" class="io.cucumber.testng.AbstractTestNGCucumberTests"/>
      </group> <!-- cucumber -->
    </groups>
    <test started-at="2026-04-11T19:13:22 IST" name="Surefire test" finished-at="2026-04-11T19:13:43 IST" duration-ms="20611">
      <class name="com.automation.runners.RunnerTest">
        <test-method is-config="true" signature="setUpClass(org.testng.ITestContext)[pri:0, instance:com.automation.runners.RunnerTest@22a637e7]" started-at="2026-04-11T19:13:22 IST" name="setUpClass" finished-at="2026-04-11T19:13:23 IST" duration-ms="294" status="PASS">
          <params>
            <param index="0">
              <value>
                <![CDATA[org.testng.TestRunner@1f193686]]>
              </value>
            </param>
          </params>
          <reporter-output>
          </reporter-output>
        </test-method> <!-- setUpClass -->
        <test-method signature="runCucumber()[pri:0, instance:com.automation.runners.RunnerTest@22a637e7]" started-at="2026-04-11T19:13:23 IST" name="runCucumber" finished-at="2026-04-11T19:13:23 IST" duration-ms="6" status="PASS">
          <reporter-output>
          </reporter-output>
        </test-method> <!-- runCucumber -->
        <test-method signature="runScenario(io.cucumber.testng.PickleWrapper,io.cucumber.testng.FeatureWrapper)[pri:0, instance:com.automation.runners.RunnerTest@22a637e7]" started-at="2026-04-11T19:13:23 IST" name="runScenario" description="Runs Cucumber Scenarios" data-provider="scenarios" finished-at="2026-04-11T19:13:35 IST" duration-ms="12567" status="PASS">
          <params>
            <param index="0">
              <value>
                <![CDATA["Successful login"]]>
              </value>
            </param>
            <param index="1">
              <value>
                <![CDATA["Login functionality"]]>
              </value>
            </param>
          </params>
          <reporter-output>
          </reporter-output>
        </test-method> <!-- runScenario -->
        <test-method is-config="true" signature="tearDownClass()[pri:0, instance:com.automation.runners.RunnerTest@22a637e7]" started-at="2026-04-11T19:13:35 IST" name="tearDownClass" finished-at="2026-04-11T19:13:35 IST" duration-ms="4" status="PASS">
          <reporter-output>
          </reporter-output>
        </test-method> <!-- tearDownClass -->
      </class> <!-- com.automation.runners.RunnerTest -->
      <class name="com.automation.tests.LoginLogoutTest">
        <test-method is-config="true" signature="setUp()[pri:0, instance:com.automation.tests.LoginLogoutTest@2473d930]" started-at="2026-04-11T19:13:35 IST" name="setUp" finished-at="2026-04-11T19:13:39 IST" duration-ms="3694" status="PASS">
          <reporter-output>
          </reporter-output>
        </test-method> <!-- setUp -->
        <test-method signature="testLoginAndLogout()[pri:0, instance:com.automation.tests.LoginLogoutTest@2473d930]" started-at="2026-04-11T19:13:39 IST" name="testLoginAndLogout" finished-at="2026-04-11T19:13:43 IST" duration-ms="3585" status="PASS">
          <reporter-output>
          </reporter-output>
        </test-method> <!-- testLoginAndLogout -->
        <test-method is-config="true" signature="tearDown()[pri:0, instance:com.automation.tests.LoginLogoutTest@2473d930]" started-at="2026-04-11T19:13:43 IST" name="tearDown" finished-at="2026-04-11T19:13:43 IST" duration-ms="386" status="PASS">
          <reporter-output>
          </reporter-output>
        </test-method> <!-- tearDown -->
      </class> <!-- com.automation.tests.LoginLogoutTest -->
    </test> <!-- Surefire test -->
  </suite> <!-- Surefire suite -->
</testng-results>
