<?xml version="1.0" encoding="UTF-8"?>
<testsuite xmlns:xsi="http://www.w3.org/2001/XMLSchema-instance" xsi:noNamespaceSchemaLocation="https://maven.apache.org/surefire/maven-surefire-plugin/xsd/surefire-test-report-3.0.xsd" version="3.0" name="TestSuite" time="21.22" tests="3" errors="0" skipped="0" failures="0">
  <properties>
[...]
</properties>
  <testcase name="runCucumber" classname="com.automation.runners.RunnerTest" time="0.015">
    <system-out><![CDATA[Triggering Cucumber execution
]]></system-out>
  </testcase>
  <testcase name="runScenario[&quot;Successful login&quot;, &quot;Login functionality&quot;](1)" classname="com.automation.runners.RunnerTest" time="12.568">
    <system-out><![CDATA[
Scenario: Successful login               &amp#27;[90m# src/test/resources/features/login.feature:3&amp#27;[0m
  &amp#27;[32mGiven &amp#27;[0m&amp#27;[32muser is on login page&amp#27;[0m            &amp#27;[90m# com.automation.stepdefinitions.LoginSteps.openLoginPage()&amp#27;[0m
  &amp#27;[32mWhen &amp#27;[0m&amp#27;[32muser enters username and password&amp#27;[0m &amp#27;[90m# com.automation.stepdefinitions.LoginSteps.enterCredentials()&amp#27;[0m
Login successful
  &amp#27;[32mThen &amp#27;[0m&amp#27;[32muser should land on dashboard&amp#27;[0m     &amp#27;[90m# com.automation.stepdefinitions.LoginSteps.verifyDashboard()&amp#27;[0m
]]></system-out>
    <system-err><![CDATA[Apr 11, 2026 7:13:27 PM org.openqa.selenium.devtools.CdpVersionFinder findNearestMatch
WARNING: Unable to find an exact match for CDP version 147, returning the closest version; found: 145; Please update to a Selenium version that supports CDP version 147
]]></system-err>
  </testcase>
  <testcase name="testLoginAndLogout" classname="com.automation.tests.LoginLogoutTest" time="3.584">
    <system-err><![CDATA[[main] INFO io.github.bonigarcia.wdm.WebDriverManager - Using chromedriver 147.0.7727.56 (resolved driver for Chrome 147)
[main] INFO io.github.bonigarcia.wdm.WebDriverManager - Exporting webdriver.chrome.driver as C:\Users\subha\.cache\selenium\chromedriver\win64\147.0.7727.56\chromedriver.exe
Apr 11, 2026 7:13:37 PM org.openqa.selenium.devtools.CdpVersionFinder findNearestMatch
WARNING: Unable to find an exact match for CDP version 147, returning the closest version; found: 145; Please update to a Selenium version that supports CDP version 147
]]></system-err>
  </testcase>
</testsuite>