<?xml version="1.0" encoding="UTF-8"?>
<!-- Generated by org.testng.reporters.JUnitReportReporter -->
<testsuite hostname="agasthiya" failures="0" tests="2" name="com.automation.runners.RunnerTest" time="8.818" errors="0" timestamp="2026-04-11T20:25:07 IST" skipped="0">
  <testcase classname="com.automation.runners.RunnerTest" name="runCucumber" time="0.003"/>
  <testcase classname="com.automation.runners.RunnerTest" name="runScenario" time="8.815"/>
</testsuite> <!-- com.automation.runners.RunnerTest -->
