<?xml version="1.0" encoding="UTF-8"?>
<!-- Generated by org.testng.reporters.JUnitReportReporter -->
<testsuite hostname="agasthiya" failures="0" tests="2" name="com.automation.runners.RunnerTest" time="8.671" errors="0" timestamp="2026-04-11T19:45:27 IST" skipped="0">
  <testcase classname="com.automation.runners.RunnerTest" name="runCucumber" time="0.004"/>
  <testcase classname="com.automation.runners.RunnerTest" name="runScenario" time="8.667"/>
</testsuite> <!-- com.automation.runners.RunnerTest -->
