<?xml version="1.0" encoding="UTF-8"?>
<!-- Generated by org.testng.reporters.JUnitReportReporter -->
<testsuite hostname="agasthiya" failures="0" tests="2" name="com.automation.runner.TestRunner" time="7.132" errors="0" timestamp="2026-04-11T21:41:47 IST" skipped="0">
  <testcase classname="com.automation.runner.TestRunner" name="runCucumber" time="0.003"/>
  <testcase classname="com.automation.runner.TestRunner" name="runScenario" time="7.129"/>
</testsuite> <!-- com.automation.runner.TestRunner -->
