<?xml version="1.0" encoding="UTF-8"?>
<!-- Generated by org.testng.reporters.JUnitReportReporter -->
<testsuite hostname="agasthiya" failures="0" tests="6" name="com.automation.runners.TestRunner" time="176.338" errors="0" timestamp="2026-04-14T18:26:41 IST" skipped="0">
  <testcase classname="com.automation.runners.TestRunner" name="runScenario" time="12.736"/>
  <testcase classname="com.automation.runners.TestRunner" name="runScenario" time="32.577"/>
  <testcase classname="com.automation.runners.TestRunner" name="runScenario" time="26.167"/>
  <testcase classname="com.automation.runners.TestRunner" name="runScenario" time="19.312"/>
  <testcase classname="com.automation.runners.TestRunner" name="runScenario" time="46.534"/>
  <testcase classname="com.automation.runners.TestRunner" name="runScenario" time="39.012"/>
</testsuite> <!-- com.automation.runners.TestRunner -->
